[2022/8/24 11:00:45] [32minfo[39m     Info Get profile start
[2022/8/24 11:00:50] [32minfo[39m     Info Get profile end
[2022/8/24 11:17:42] [32minfo[39m     Info Get profile start
[2022/8/24 11:17:42] [32minfo[39m     Info Get profile end
[2022/8/24 11:17:52] [32minfo[39m     Info Patch profile start
[2022/8/24 11:17:52] [32minfo[39m     Info Patch profile end
[2022/8/24 11:18:41] [32minfo[39m     Info Get profile start
[2022/8/24 11:18:41] [32minfo[39m     Info Get profile end
[2022/8/24 11:36:08] [32minfo[39m     Info Patch profile start
[2022/8/24 11:36:08] [32minfo[39m     Info Patch profile end
[2022/8/24 11:38:52] [32minfo[39m     Info Patch profile start
[2022/8/24 11:38:52] [32minfo[39m     Info Patch profile end
[2022/8/24 11:38:56] [32minfo[39m     Info Patch profile start
[2022/8/24 11:38:56] [32minfo[39m     Info Patch profile end
[2022/8/24 12:01:57] [32minfo[39m     Info Get good start
[2022/8/24 12:02:02] [32minfo[39m     Info Get good end
[2022/8/24 12:02:16] [32minfo[39m     Info Get works start
[2022/8/24 12:02:16] [32minfo[39m     Info Get works end
[2022/8/24 12:04:54] [32minfo[39m     Info Get works start
[2022/8/24 12:04:59] [32minfo[39m     Info Get works end
